<?xml version="1.0" encoding="UTF-8"?>
<testsuite xmlns:xsi="http://www.w3.org/2001/XMLSchema-instance" xsi:noNamespaceSchemaLocation="https://maven.apache.org/surefire/maven-surefire-plugin/xsd/surefire-test-report-3.0.xsd" version="3.0" name="com.kidfollow.demo.BackendApiIntegrationTest" time="1.039" tests="8" errors="0" skipped="0" failures="0">
  <properties>
[...]
</properties>
  <testcase name="testAPI_007_TargetLost" classname="com.kidfollow.demo.BackendApiIntegrationTest" time="0.441">
    <system-out><![CDATA[
  .   ____          _            __ _ _
 /\\ / ___'_ __ _ _(_)_ __  __ _ \ \ \ \
( ( )\___ | '_ | '_| | '_ \/ _` | \ \ \ \
 \\/  ___)| |_)| | | | | || (_| |  ) ) ) )
  '  |____| .__|_| |_|_| |_\__, | / / / /
 =========|_|==============|___/=/_/_/_/
 :: Spring Boot ::                (v3.2.0)

2026-05-08T02:08:48.985+08:00  INFO 35904 --- [kidfollow-demo-backend] [           main] c.k.demo.BackendApiIntegrationTest       : Starting BackendApiIntegrationTest using Java 25.0.2 with PID 35904 (started by kk580kk in /Volumes/Serene 2T/Workspaces/github.com/kk580kk/kidfollow-demo-web/backend)
2026-05-08T02:08:48.985+08:00 DEBUG 35904 --- [kidfollow-demo-backend] [           main] c.k.demo.BackendApiIntegrationTest       : Running with Spring Boot v3.2.0, Spring v6.1.1
2026-05-08T02:08:48.986+08:00  INFO 35904 --- [kidfollow-demo-backend] [           main] c.k.demo.BackendApiIntegrationTest       : No active profile set, falling back to 1 default profile: "default"
2026-05-08T02:08:49.233+08:00  INFO 35904 --- [kidfollow-demo-backend] [           main] o.s.b.w.embedded.tomcat.TomcatWebServer  : Tomcat initialized with port 0 (http)
2026-05-08T02:08:49.236+08:00  INFO 35904 --- [kidfollow-demo-backend] [           main] o.apache.catalina.core.StandardService   : Starting service [Tomcat]
2026-05-08T02:08:49.236+08:00  INFO 35904 --- [kidfollow-demo-backend] [           main] o.apache.catalina.core.StandardEngine    : Starting Servlet engine: [Apache Tomcat/10.1.16]
2026-05-08T02:08:49.248+08:00  INFO 35904 --- [kidfollow-demo-backend] [           main] o.a.c.c.C.[Tomcat].[localhost].[/]       : Initializing Spring embedded WebApplicationContext
2026-05-08T02:08:49.248+08:00  INFO 35904 --- [kidfollow-demo-backend] [           main] w.s.c.ServletWebServerApplicationContext : Root WebApplicationContext: initialization completed in 257 ms
2026-05-08T02:08:49.346+08:00  INFO 35904 --- [kidfollow-demo-backend] [           main] o.s.b.w.embedded.tomcat.TomcatWebServer  : Tomcat started on port 51231 (http) with context path ''
2026-05-08T02:08:49.349+08:00  INFO 35904 --- [kidfollow-demo-backend] [           main] c.k.demo.BackendApiIntegrationTest       : Started BackendApiIntegrationTest in 0.449 seconds (process running for 0.683)
]]></system-out>
    <system-err><![CDATA[WARNING: A Java agent has been loaded dynamically (/Users/kk580kk/.m2/repository/net/bytebuddy/byte-buddy-agent/1.14.10/byte-buddy-agent-1.14.10.jar)
WARNING: If a serviceability tool is in use, please run with -XX:+EnableDynamicAgentLoading to hide this warning
WARNING: If a serviceability tool is not in use, please run with -Djdk.instrument.traceUsage for more information
WARNING: Dynamic loading of agents will be disallowed by default in a future release
]]></system-err>
  </testcase>
  <testcase name="testAPI_005_FenceAlarm" classname="com.kidfollow.demo.BackendApiIntegrationTest" time="0.001"/>
  <testcase name="testAPI_008_ResponseTime" classname="com.kidfollow.demo.BackendApiIntegrationTest" time="0.003"/>
  <testcase name="testAPI_006_EmergencyStop" classname="com.kidfollow.demo.BackendApiIntegrationTest" time="0.001"/>
  <testcase name="testAPI_001_HealthCheck" classname="com.kidfollow.demo.BackendApiIntegrationTest" time="0.052">
    <system-out><![CDATA[2026-05-08T02:08:49.825+08:00  INFO 35904 --- [kidfollow-demo-backend] [o-auto-1-exec-1] o.a.c.c.C.[Tomcat].[localhost].[/]       : Initializing Spring DispatcherServlet 'dispatcherServlet'
2026-05-08T02:08:49.825+08:00  INFO 35904 --- [kidfollow-demo-backend] [o-auto-1-exec-1] o.s.web.servlet.DispatcherServlet        : Initializing Servlet 'dispatcherServlet'
2026-05-08T02:08:49.826+08:00  INFO 35904 --- [kidfollow-demo-backend] [o-auto-1-exec-1] o.s.web.servlet.DispatcherServlet        : Completed initialization in 1 ms
]]></system-out>
  </testcase>
  <testcase name="testAPI_004_LowBatteryReturn" classname="com.kidfollow.demo.BackendApiIntegrationTest" time="0.0"/>
  <testcase name="testAPI_003_ObstacleAvoid" classname="com.kidfollow.demo.BackendApiIntegrationTest" time="0.001"/>
  <testcase name="testAPI_002_NormalFollow" classname="com.kidfollow.demo.BackendApiIntegrationTest" time="0.0"/>
</testsuite>